Loading db file '/users/ugrad2/2012/spring/pooriam/libraries/saed32lvt_tt1p05vn40c.db'
Loading db file '/users/ugrad2/2012/spring/pooriam/libraries/saed32sram_tt1p05vn40c.db'
Information: Propagating switching activity (medium effort zero delay simulation). (PWR-6)
Warning: Design has unannotated primary inputs. (PWR-414)
Warning: Design has unannotated sequential cell outputs. (PWR-415)
Warning: Design has unannotated black box outputs. (PWR-428)
 
****************************************
Report : power
        -hier
        -analysis_effort medium
        -verbose
Design : processor
Version: J-2014.09-SP4
Date   : Sun Feb 21 19:07:36 2016
****************************************


Library(s) Used:

    saed32lvt_tt1p05vn40c (File: /users/ugrad2/2012/spring/pooriam/libraries/saed32lvt_tt1p05vn40c.db)
    saed32sram_tt1p05vn40c (File: /users/ugrad2/2012/spring/pooriam/libraries/saed32sram_tt1p05vn40c.db)


Operating Conditions: tt1p05vn40c   Library: saed32lvt_tt1p05vn40c
Wire Load Model Mode: enclosed

Design        Wire Load Model            Library
------------------------------------------------
processor              140000            saed32lvt_tt1p05vn40c
PC                     8000              saed32lvt_tt1p05vn40c
synth_imem             8000              saed32lvt_tt1p05vn40c
controller             8000              saed32lvt_tt1p05vn40c
regfile_NBIT32_NSEL5   16000             saed32lvt_tt1p05vn40c
alu                    16000             saed32lvt_tt1p05vn40c
dmem                   70000             saed32lvt_tt1p05vn40c
adder_addr_size32_0    ForQA             saed32lvt_tt1p05vn40c
Comparator             8000              saed32lvt_tt1p05vn40c
adder_addr_size32_1    ForQA             saed32lvt_tt1p05vn40c
adder_addr_size32_1_DW01_add_0 ForQA     saed32lvt_tt1p05vn40c
adder_addr_size32_0_DW01_add_0 ForQA     saed32lvt_tt1p05vn40c
alu_DW01_sub_0         ForQA             saed32lvt_tt1p05vn40c
alu_DW01_sub_1         ForQA             saed32lvt_tt1p05vn40c
alu_DW01_add_0         ForQA             saed32lvt_tt1p05vn40c
alu_DW01_add_1         ForQA             saed32lvt_tt1p05vn40c
Comparator_DW_cmp_2    8000              saed32lvt_tt1p05vn40c
Comparator_DW01_cmp6_0 8000              saed32lvt_tt1p05vn40c


Global Operating Voltage = 1.05 
Power-specific unit information :
    Voltage Units = 1V
    Capacitance Units = 1.000000ff
    Time Units = 1ns
    Dynamic Power Units = 1uW    (derived from V,C,T units)
    Leakage Power Units = 1pW


--------------------------------------------------------------------------------
                                       Switch   Int      Leak     Total
Hierarchy                              Power    Power    Power    Power    %
--------------------------------------------------------------------------------
processor                               289.340 2.83e+03 1.71e+10 2.03e+04 100.0
  NormAdder (adder_addr_size32_1)         0.554    3.088 7.49e+07   78.569   0.4
    add_18 (adder_addr_size32_1_DW01_add_0)    0.554    3.088 7.49e+07   78.569   0.4
  PCAdder (adder_addr_size32_0)           1.237    4.475 7.94e+07   85.073   0.4
    add_18 (adder_addr_size32_0_DW01_add_0)    1.237    4.475 7.94e+07   85.073   0.4
  RAM (dmem)                              0.298  134.480 3.37e+04  134.812   0.7
  A1 (alu)                              104.286  330.375 3.59e+09 4.02e+03  19.9
    add_30 (alu_DW01_add_1)               1.085    5.935 5.91e+07   66.104   0.3
    add_30_2 (alu_DW01_add_0)             1.083    5.936 5.91e+07   66.103   0.3
    sub_30 (alu_DW01_sub_1)               4.460    6.437 1.29e+08  140.269   0.7
    sub_30_2 (alu_DW01_sub_0)             4.474    6.507 1.29e+08  140.352   0.7
    C1 (Comparator)                       3.203   14.160 3.46e+08  363.759   1.8
      r301 (Comparator_DW01_cmp6_0)       1.531    6.762 1.44e+08  152.710   0.8
      lt_18 (Comparator_DW_cmp_2)         1.202    4.698 1.56e+08  162.084   0.8
  R1 (regfile_NBIT32_NSEL5)             165.041 2.25e+03 1.25e+10 1.49e+04  73.7
  C1 (controller)                         2.495    4.324 1.52e+08  159.288   0.8
  IMEM_1 (synth_imem)                     9.025   26.323 2.00e+08  235.228   1.2
  ProgCnt (PC)                            0.774   63.730 3.00e+08  364.965   1.8
1
